# JRE version: Java(TM) SE Runtime Environment (7.0_40-b43) (build 1.7.0_40-b43)
# Java VM: Java HotSpot(TM) Client VM (24.0-b56 mixed mode linux-x86 )
Heap
 def new generation   total 4928K, used 4774K [0xa0940000, 0xa0e90000, 0xa5e90000)
  eden space 4416K,  96% used [0xa0940000, 0xa0d69a60, 0xa0d90000)
  from space 512K, 100% used [0xa0d90000, 0xa0e10000, 0xa0e10000)
  to   space 512K,   0% used [0xa0e10000, 0xa0e10000, 0xa0e90000)
 tenured generation   total 10944K, used 1615K [0xa5e90000, 0xa6940000, 0xb0940000)
   the space 10944K,  14% used [0xa5e90000, 0xa6023ce0, 0xa6023e00, 0xa6940000)
 compacting perm gen  total 12288K, used 3804K [0xb0940000, 0xb1540000, 0xb4940000)
   the space 12288K,  30% used [0xb0940000, 0xb0cf7190, 0xb0cf7200, 0xb1540000)
GC Heap History (4 events):
Event: 0,442 GC heap before
{Heap before GC invocations=0 (full 0):
 def new generation   total 4928K, used 4416K [0xa0940000, 0xa0e90000, 0xa5e90000)
  eden space 4416K, 100% used [0xa0940000, 0xa0d90000, 0xa0d90000)
  from space 512K,   0% used [0xa0d90000, 0xa0d90000, 0xa0e10000)
  to   space 512K,   0% used [0xa0e10000, 0xa0e10000, 0xa0e90000)
 tenured generation   total 10944K, used 0K [0xa5e90000, 0xa6940000, 0xb0940000)
   the space 10944K,   0% used [0xa5e90000, 0xa5e90000, 0xa5e90200, 0xa6940000)
 compacting perm gen  total 12288K, used 2833K [0xb0940000, 0xb1540000, 0xb4940000)
   the space 12288K,  23% used [0xb0940000, 0xb0c045a0, 0xb0c04600, 0xb1540000)
No shared spaces configured.
Event: 0,452 GC heap after
Heap after GC invocations=1 (full 0):
 def new generation   total 4928K, used 512K [0xa0940000, 0xa0e90000, 0xa5e90000)
  eden space 4416K,   0% used [0xa0940000, 0xa0940000, 0xa0d90000)
  from space 512K, 100% used [0xa0e10000, 0xa0e90000, 0xa0e90000)
  to   space 512K,   0% used [0xa0d90000, 0xa0d90000, 0xa0e10000)
 tenured generation   total 10944K, used 811K [0xa5e90000, 0xa6940000, 0xb0940000)
   the space 10944K,   7% used [0xa5e90000, 0xa5f5ac48, 0xa5f5ae00, 0xa6940000)
 compacting perm gen  total 12288K, used 2833K [0xb0940000, 0xb1540000, 0xb4940000)
   the space 12288K,  23% used [0xb0940000, 0xb0c045a0, 0xb0c04600, 0xb1540000)
No shared spaces configured.
}
Event: 0,621 GC heap before
{Heap before GC invocations=1 (full 0):
 def new generation   total 4928K, used 4928K [0xa0940000, 0xa0e90000, 0xa5e90000)
  eden space 4416K, 100% used [0xa0940000, 0xa0d90000, 0xa0d90000)
  from space 512K, 100% used [0xa0e10000, 0xa0e90000, 0xa0e90000)
  to   space 512K,   0% used [0xa0d90000, 0xa0d90000, 0xa0e10000)
 tenured generation   total 10944K, used 811K [0xa5e90000, 0xa6940000, 0xb0940000)
   the space 10944K,   7% used [0xa5e90000, 0xa5f5ac48, 0xa5f5ae00, 0xa6940000)
 compacting perm gen  total 12288K, used 3002K [0xb0940000, 0xb1540000, 0xb4940000)
   the space 12288K,  24% used [0xb0940000, 0xb0c2e9d8, 0xb0c2ea00, 0xb1540000)
No shared spaces configured.
Event: 0,632 GC heap after
Heap after GC invocations=2 (full 0):
 def new generation   total 4928K, used 512K [0xa0940000, 0xa0e90000, 0xa5e90000)
  eden space 4416K,   0% used [0xa0940000, 0xa0940000, 0xa0d90000)
  from space 512K, 100% used [0xa0d90000, 0xa0e10000, 0xa0e10000)
  to   space 512K,   0% used [0xa0e10000, 0xa0e10000, 0xa0e90000)
 tenured generation   total 10944K, used 1615K [0xa5e90000, 0xa6940000, 0xb0940000)
   the space 10944K,  14% used [0xa5e90000, 0xa6023ce0, 0xa6023e00, 0xa6940000)
 compacting perm gen  total 12288K, used 3002K [0xb0940000, 0xb1540000, 0xb4940000)
   the space 12288K,  24% used [0xb0940000, 0xb0c2e9d8, 0xb0c2ea00, 0xb1540000)
No shared spaces configured.
}

