# JRE version: Java(TM) SE Runtime Environment (7.0_40-b43) (build 1.7.0_40-b43)
# Java VM: Java HotSpot(TM) Client VM (24.0-b56 mixed mode linux-x86 )
Heap
 def new generation   total 12032K, used 5867K [0xa0940000, 0xa1640000, 0xa5e90000)
  eden space 10752K,  49% used [0xa0940000, 0xa0e6f950, 0xa13c0000)
  from space 1280K,  43% used [0xa1500000, 0xa158b2d8, 0xa1640000)
  to   space 1280K,   0% used [0xa13c0000, 0xa13c0000, 0xa1500000)
 tenured generation   total 26584K, used 22507K [0xa5e90000, 0xa7886000, 0xb0940000)
   the space 26584K,  84% used [0xa5e90000, 0xa748af40, 0xa748b000, 0xa7886000)
 compacting perm gen  total 12288K, used 5658K [0xb0940000, 0xb1540000, 0xb4940000)
   the space 12288K,  46% used [0xb0940000, 0xb0ec6b08, 0xb0ec6c00, 0xb1540000)
GC Heap History (10 events):
Event: 5,492 GC heap before
{Heap before GC invocations=45 (full 2):
 def new generation   total 12032K, used 11244K [0xa0940000, 0xa1640000, 0xa5e90000)
  eden space 10752K, 100% used [0xa0940000, 0xa13c0000, 0xa13c0000)
  from space 1280K,  38% used [0xa13c0000, 0xa143b1b8, 0xa1500000)
  to   space 1280K,   0% used [0xa1500000, 0xa1500000, 0xa1640000)
 tenured generation   total 26584K, used 20542K [0xa5e90000, 0xa7886000, 0xb0940000)
   the space 26584K,  77% used [0xa5e90000, 0xa729fa48, 0xa729fc00, 0xa7886000)
 compacting perm gen  total 12288K, used 5256K [0xb0940000, 0xb1540000, 0xb4940000)
   the space 12288K,  42% used [0xb0940000, 0xb0e62130, 0xb0e62200, 0xb1540000)
No shared spaces configured.
Event: 5,505 GC heap after
Heap after GC invocations=46 (full 2):
 def new generation   total 12032K, used 1280K [0xa0940000, 0xa1640000, 0xa5e90000)
  eden space 10752K,   0% used [0xa0940000, 0xa0940000, 0xa13c0000)
  from space 1280K, 100% used [0xa1500000, 0xa1640000, 0xa1640000)
  to   space 1280K,   0% used [0xa13c0000, 0xa13c0000, 0xa1500000)
 tenured generation   total 26584K, used 20605K [0xa5e90000, 0xa7886000, 0xb0940000)
   the space 26584K,  77% used [0xa5e90000, 0xa72af608, 0xa72af800, 0xa7886000)
 compacting perm gen  total 12288K, used 5256K [0xb0940000, 0xb1540000, 0xb4940000)
   the space 12288K,  42% used [0xb0940000, 0xb0e62130, 0xb0e62200, 0xb1540000)
No shared spaces configured.
}
Event: 6,225 GC heap before
{Heap before GC invocations=46 (full 2):
 def new generation   total 12032K, used 12032K [0xa0940000, 0xa1640000, 0xa5e90000)
  eden space 10752K, 100% used [0xa0940000, 0xa13c0000, 0xa13c0000)
  from space 1280K, 100% used [0xa1500000, 0xa1640000, 0xa1640000)
  to   space 1280K,   0% used [0xa13c0000, 0xa13c0000, 0xa1500000)
 tenured generation   total 26584K, used 20605K [0xa5e90000, 0xa7886000, 0xb0940000)
   the space 26584K,  77% used [0xa5e90000, 0xa72af608, 0xa72af800, 0xa7886000)
 compacting perm gen  total 12288K, used 5374K [0xb0940000, 0xb1540000, 0xb4940000)
   the space 12288K,  43% used [0xb0940000, 0xb0e7f868, 0xb0e7fa00, 0xb1540000)
No shared spaces configured.
Event: 6,235 GC heap after
Heap after GC invocations=47 (full 2):
 def new generation   total 12032K, used 908K [0xa0940000, 0xa1640000, 0xa5e90000)
  eden space 10752K,   0% used [0xa0940000, 0xa0940000, 0xa13c0000)
  from space 1280K,  70% used [0xa13c0000, 0xa14a3238, 0xa1500000)
  to   space 1280K,   0% used [0xa1500000, 0xa1500000, 0xa1640000)
 tenured generation   total 26584K, used 21300K [0xa5e90000, 0xa7886000, 0xb0940000)
   the space 26584K,  80% used [0xa5e90000, 0xa735d088, 0xa735d200, 0xa7886000)
 compacting perm gen  total 12288K, used 5374K [0xb0940000, 0xb1540000, 0xb4940000)
   the space 12288K,  43% used [0xb0940000, 0xb0e7f868, 0xb0e7fa00, 0xb1540000)
No shared spaces configured.
}
Event: 6,324 GC heap before
{Heap before GC invocations=47 (full 2):
 def new generation   total 12032K, used 11660K [0xa0940000, 0xa1640000, 0xa5e90000)
  eden space 10752K, 100% used [0xa0940000, 0xa13c0000, 0xa13c0000)
  from space 1280K,  70% used [0xa13c0000, 0xa14a3238, 0xa1500000)
  to   space 1280K,   0% used [0xa1500000, 0xa1500000, 0xa1640000)
 tenured generation   total 26584K, used 21300K [0xa5e90000, 0xa7886000, 0xb0940000)
   the space 26584K,  80% used [0xa5e90000, 0xa735d088, 0xa735d200, 0xa7886000)
 compacting perm gen  total 12288K, used 5374K [0xb0940000, 0xb1540000, 0xb4940000)
   the space 12288K,  43% used [0xb0940000, 0xb0e7f878, 0xb0e7fa00, 0xb1540000)
No shared spaces configured.
Event: 6,333 GC heap after
Heap after GC invocations=48 (full 2):
 def new generation   total 12032K, used 645K [0xa0940000, 0xa1640000, 0xa5e90000)
  eden space 10752K,   0% used [0xa0940000, 0xa0940000, 0xa13c0000)
  from space 1280K,  50% used [0xa1500000, 0xa15a1418, 0xa1640000)
  to   space 1280K,   0% used [0xa13c0000, 0xa13c0000, 0xa1500000)
 tenured generation   total 26584K, used 22055K [0xa5e90000, 0xa7886000, 0xb0940000)
   the space 26584K,  82% used [0xa5e90000, 0xa7419c80, 0xa7419e00, 0xa7886000)
 compacting perm gen  total 12288K, used 5374K [0xb0940000, 0xb1540000, 0xb4940000)
   the space 12288K,  43% used [0xb0940000, 0xb0e7f878, 0xb0e7fa00, 0xb1540000)
No shared spaces configured.
}
Event: 6,394 GC heap before
{Heap before GC invocations=48 (full 2):
 def new generation   total 12032K, used 11397K [0xa0940000, 0xa1640000, 0xa5e90000)
  eden space 10752K, 100% used [0xa0940000, 0xa13c0000, 0xa13c0000)
  from space 1280K,  50% used [0xa1500000, 0xa15a1418, 0xa1640000)
  to   space 1280K,   0% used [0xa13c0000, 0xa13c0000, 0xa1500000)
 tenured generation   total 26584K, used 22055K [0xa5e90000, 0xa7886000, 0xb0940000)
   the space 26584K,  82% used [0xa5e90000, 0xa7419c80, 0xa7419e00, 0xa7886000)
 compacting perm gen  total 12288K, used 5374K [0xb0940000, 0xb1540000, 0xb4940000)
   the space 12288K,  43% used [0xb0940000, 0xb0e7f888, 0xb0e7fa00, 0xb1540000)
No shared spaces configured.
Event: 6,400 GC heap after
Heap after GC invocations=49 (full 2):
 def new generation   total 12032K, used 606K [0xa0940000, 0xa1640000, 0xa5e90000)
  eden space 10752K,   0% used [0xa0940000, 0xa0940000, 0xa13c0000)
  from space 1280K,  47% used [0xa13c0000, 0xa1457828, 0xa1500000)
  to   space 1280K,   0% used [0xa1500000, 0xa1500000, 0xa1640000)
 tenured generation   total 26584K, used 22507K [0xa5e90000, 0xa7886000, 0xb0940000)
   the space 26584K,  84% used [0xa5e90000, 0xa748af40, 0xa748b000, 0xa7886000)
 compacting perm gen  total 12288K, used 5374K [0xb0940000, 0xb1540000, 0xb4940000)
   the space 12288K,  43% used [0xb0940000, 0xb0e7f888, 0xb0e7fa00, 0xb1540000)
No shared spaces configured.
}
Event: 6,474 GC heap before
{Heap before GC invocations=49 (full 2):
 def new generation   total 12032K, used 11358K [0xa0940000, 0xa1640000, 0xa5e90000)
  eden space 10752K, 100% used [0xa0940000, 0xa13c0000, 0xa13c0000)
  from space 1280K,  47% used [0xa13c0000, 0xa1457828, 0xa1500000)
  to   space 1280K,   0% used [0xa1500000, 0xa1500000, 0xa1640000)
 tenured generation   total 26584K, used 22507K [0xa5e90000, 0xa7886000, 0xb0940000)
   the space 26584K,  84% used [0xa5e90000, 0xa748af40, 0xa748b000, 0xa7886000)
 compacting perm gen  total 12288K, used 5374K [0xb0940000, 0xb1540000, 0xb4940000)
   the space 12288K,  43% used [0xb0940000, 0xb0e7f888, 0xb0e7fa00, 0xb1540000)
No shared spaces configured.
Event: 6,476 GC heap after
Heap after GC invocations=50 (full 2):
 def new generation   total 12032K, used 556K [0xa0940000, 0xa1640000, 0xa5e90000)
  eden space 10752K,   0% used [0xa0940000, 0xa0940000, 0xa13c0000)
  from space 1280K,  43% used [0xa1500000, 0xa158b2d8, 0xa1640000)
  to   space 1280K,   0% used [0xa13c0000, 0xa13c0000, 0xa1500000)
 tenured generation   total 26584K, used 22507K [0xa5e90000, 0xa7886000, 0xb0940000)
   the space 26584K,  84% used [0xa5e90000, 0xa748af40, 0xa748b000, 0xa7886000)
 compacting perm gen  total 12288K, used 5374K [0xb0940000, 0xb1540000, 0xb4940000)
   the space 12288K,  43% used [0xb0940000, 0xb0e7f888, 0xb0e7fa00, 0xb1540000)
No shared spaces configured.
}

