# JRE version: Java(TM) SE Runtime Environment (7.0_40-b43) (build 1.7.0_40-b43)
# Java VM: Java HotSpot(TM) Client VM (24.0-b56 mixed mode linux-x86 )
Heap
 def new generation   total 4928K, used 2805K [0xa0880000, 0xa0dd0000, 0xa5dd0000)
  eden space 4416K,  51% used [0xa0880000, 0xa0abd4f8, 0xa0cd0000)
  from space 512K,  99% used [0xa0d50000, 0xa0dcff90, 0xa0dd0000)
  to   space 512K,   0% used [0xa0cd0000, 0xa0cd0000, 0xa0d50000)
 tenured generation   total 10944K, used 2510K [0xa5dd0000, 0xa6880000, 0xb0880000)
   the space 10944K,  22% used [0xa5dd0000, 0xa6043b58, 0xa6043c00, 0xa6880000)
 compacting perm gen  total 12288K, used 4430K [0xb0880000, 0xb1480000, 0xb4880000)
   the space 12288K,  36% used [0xb0880000, 0xb0cd3a78, 0xb0cd3c00, 0xb1480000)
GC Heap History (10 events):
Event: 0,590 GC heap before
{Heap before GC invocations=2 (full 0):
 def new generation   total 4928K, used 4864K [0xa0880000, 0xa0dd0000, 0xa5dd0000)
  eden space 4416K, 100% used [0xa0880000, 0xa0cd0000, 0xa0cd0000)
  from space 512K,  87% used [0xa0cd0000, 0xa0d40050, 0xa0d50000)
  to   space 512K,   0% used [0xa0d50000, 0xa0d50000, 0xa0dd0000)
 tenured generation   total 10944K, used 1046K [0xa5dd0000, 0xa6880000, 0xb0880000)
   the space 10944K,   9% used [0xa5dd0000, 0xa5ed5858, 0xa5ed5a00, 0xa6880000)
 compacting perm gen  total 12288K, used 2879K [0xb0880000, 0xb1480000, 0xb4880000)
   the space 12288K,  23% used [0xb0880000, 0xb0b4ff10, 0xb0b50000, 0xb1480000)
No shared spaces configured.
Event: 0,595 GC heap after
Heap after GC invocations=3 (full 0):
 def new generation   total 4928K, used 511K [0xa0880000, 0xa0dd0000, 0xa5dd0000)
  eden space 4416K,   0% used [0xa0880000, 0xa0880000, 0xa0cd0000)
  from space 512K,  99% used [0xa0d50000, 0xa0dcfff8, 0xa0dd0000)
  to   space 512K,   0% used [0xa0cd0000, 0xa0cd0000, 0xa0d50000)
 tenured generation   total 10944K, used 1178K [0xa5dd0000, 0xa6880000, 0xb0880000)
   the space 10944K,  10% used [0xa5dd0000, 0xa5ef6a20, 0xa5ef6c00, 0xa6880000)
 compacting perm gen  total 12288K, used 2879K [0xb0880000, 0xb1480000, 0xb4880000)
   the space 12288K,  23% used [0xb0880000, 0xb0b4ff10, 0xb0b50000, 0xb1480000)
No shared spaces configured.
}
Event: 0,707 GC heap before
{Heap before GC invocations=3 (full 0):
 def new generation   total 4928K, used 4927K [0xa0880000, 0xa0dd0000, 0xa5dd0000)
  eden space 4416K, 100% used [0xa0880000, 0xa0cd0000, 0xa0cd0000)
  from space 512K,  99% used [0xa0d50000, 0xa0dcfff8, 0xa0dd0000)
  to   space 512K,   0% used [0xa0cd0000, 0xa0cd0000, 0xa0d50000)
 tenured generation   total 10944K, used 1178K [0xa5dd0000, 0xa6880000, 0xb0880000)
   the space 10944K,  10% used [0xa5dd0000, 0xa5ef6a20, 0xa5ef6c00, 0xa6880000)
 compacting perm gen  total 12288K, used 3251K [0xb0880000, 0xb1480000, 0xb4880000)
   the space 12288K,  26% used [0xb0880000, 0xb0bacfc8, 0xb0bad000, 0xb1480000)
No shared spaces configured.
Event: 0,711 GC heap after
Heap after GC invocations=4 (full 0):
 def new generation   total 4928K, used 512K [0xa0880000, 0xa0dd0000, 0xa5dd0000)
  eden space 4416K,   0% used [0xa0880000, 0xa0880000, 0xa0cd0000)
  from space 512K, 100% used [0xa0cd0000, 0xa0d50000, 0xa0d50000)
  to   space 512K,   0% used [0xa0d50000, 0xa0d50000, 0xa0dd0000)
 tenured generation   total 10944K, used 1329K [0xa5dd0000, 0xa6880000, 0xb0880000)
   the space 10944K,  12% used [0xa5dd0000, 0xa5f1c620, 0xa5f1c800, 0xa6880000)
 compacting perm gen  total 12288K, used 3251K [0xb0880000, 0xb1480000, 0xb4880000)
   the space 12288K,  26% used [0xb0880000, 0xb0bacfc8, 0xb0bad000, 0xb1480000)
No shared spaces configured.
}
Event: 0,916 GC heap before
{Heap before GC invocations=4 (full 0):
 def new generation   total 4928K, used 4928K [0xa0880000, 0xa0dd0000, 0xa5dd0000)
  eden space 4416K, 100% used [0xa0880000, 0xa0cd0000, 0xa0cd0000)
  from space 512K, 100% used [0xa0cd0000, 0xa0d50000, 0xa0d50000)
  to   space 512K,   0% used [0xa0d50000, 0xa0d50000, 0xa0dd0000)
 tenured generation   total 10944K, used 1329K [0xa5dd0000, 0xa6880000, 0xb0880000)
   the space 10944K,  12% used [0xa5dd0000, 0xa5f1c620, 0xa5f1c800, 0xa6880000)
 compacting perm gen  total 12288K, used 3641K [0xb0880000, 0xb1480000, 0xb4880000)
   the space 12288K,  29% used [0xb0880000, 0xb0c0e4a0, 0xb0c0e600, 0xb1480000)
No shared spaces configured.
Event: 0,922 GC heap after
Heap after GC invocations=5 (full 0):
 def new generation   total 4928K, used 512K [0xa0880000, 0xa0dd0000, 0xa5dd0000)
  eden space 4416K,   0% used [0xa0880000, 0xa0880000, 0xa0cd0000)
  from space 512K, 100% used [0xa0d50000, 0xa0dd0000, 0xa0dd0000)
  to   space 512K,   0% used [0xa0cd0000, 0xa0cd0000, 0xa0d50000)
 tenured generation   total 10944K, used 1622K [0xa5dd0000, 0xa6880000, 0xb0880000)
   the space 10944K,  14% used [0xa5dd0000, 0xa5f65898, 0xa5f65a00, 0xa6880000)
 compacting perm gen  total 12288K, used 3641K [0xb0880000, 0xb1480000, 0xb4880000)
   the space 12288K,  29% used [0xb0880000, 0xb0c0e4a0, 0xb0c0e600, 0xb1480000)
No shared spaces configured.
}
Event: 1,113 GC heap before
{Heap before GC invocations=5 (full 0):
 def new generation   total 4928K, used 4928K [0xa0880000, 0xa0dd0000, 0xa5dd0000)
  eden space 4416K, 100% used [0xa0880000, 0xa0cd0000, 0xa0cd0000)
  from space 512K, 100% used [0xa0d50000, 0xa0dd0000, 0xa0dd0000)
  to   space 512K,   0% used [0xa0cd0000, 0xa0cd0000, 0xa0d50000)
 tenured generation   total 10944K, used 1622K [0xa5dd0000, 0xa6880000, 0xb0880000)
   the space 10944K,  14% used [0xa5dd0000, 0xa5f65898, 0xa5f65a00, 0xa6880000)
 compacting perm gen  total 12288K, used 3989K [0xb0880000, 0xb1480000, 0xb4880000)
   the space 12288K,  32% used [0xb0880000, 0xb0c654e0, 0xb0c65600, 0xb1480000)
No shared spaces configured.
Event: 1,120 GC heap after
Heap after GC invocations=6 (full 0):
 def new generation   total 4928K, used 512K [0xa0880000, 0xa0dd0000, 0xa5dd0000)
  eden space 4416K,   0% used [0xa0880000, 0xa0880000, 0xa0cd0000)
  from space 512K, 100% used [0xa0cd0000, 0xa0d50000, 0xa0d50000)
  to   space 512K,   0% used [0xa0d50000, 0xa0d50000, 0xa0dd0000)
 tenured generation   total 10944K, used 2136K [0xa5dd0000, 0xa6880000, 0xb0880000)
   the space 10944K,  19% used [0xa5dd0000, 0xa5fe6100, 0xa5fe6200, 0xa6880000)
 compacting perm gen  total 12288K, used 3989K [0xb0880000, 0xb1480000, 0xb4880000)
   the space 12288K,  32% used [0xb0880000, 0xb0c654e0, 0xb0c65600, 0xb1480000)
No shared spaces configured.
}
Event: 1,238 GC heap before
{Heap before GC invocations=6 (full 0):
 def new generation   total 4928K, used 4928K [0xa0880000, 0xa0dd0000, 0xa5dd0000)
  eden space 4416K, 100% used [0xa0880000, 0xa0cd0000, 0xa0cd0000)
  from space 512K, 100% used [0xa0cd0000, 0xa0d50000, 0xa0d50000)
  to   space 512K,   0% used [0xa0d50000, 0xa0d50000, 0xa0dd0000)
 tenured generation   total 10944K, used 2136K [0xa5dd0000, 0xa6880000, 0xb0880000)
   the space 10944K,  19% used [0xa5dd0000, 0xa5fe6100, 0xa5fe6200, 0xa6880000)
 compacting perm gen  total 12288K, used 4255K [0xb0880000, 0xb1480000, 0xb4880000)
   the space 12288K,  34% used [0xb0880000, 0xb0ca7c78, 0xb0ca7e00, 0xb1480000)
No shared spaces configured.
Event: 1,244 GC heap after
Heap after GC invocations=7 (full 0):
 def new generation   total 4928K, used 511K [0xa0880000, 0xa0dd0000, 0xa5dd0000)
  eden space 4416K,   0% used [0xa0880000, 0xa0880000, 0xa0cd0000)
  from space 512K,  99% used [0xa0d50000, 0xa0dcff90, 0xa0dd0000)
  to   space 512K,   0% used [0xa0cd0000, 0xa0cd0000, 0xa0d50000)
 tenured generation   total 10944K, used 2510K [0xa5dd0000, 0xa6880000, 0xb0880000)
   the space 10944K,  22% used [0xa5dd0000, 0xa6043b58, 0xa6043c00, 0xa6880000)
 compacting perm gen  total 12288K, used 4255K [0xb0880000, 0xb1480000, 0xb4880000)
   the space 12288K,  34% used [0xb0880000, 0xb0ca7c78, 0xb0ca7e00, 0xb1480000)
No shared spaces configured.
}

