# JRE version: Java(TM) SE Runtime Environment (7.0_40-b43) (build 1.7.0_40-b43)
# Java VM: Java HotSpot(TM) Client VM (24.0-b56 mixed mode linux-x86 )
Heap
 def new generation   total 7296K, used 6412K [0xa0880000, 0xa1060000, 0xa5dd0000)
  eden space 6528K,  87% used [0xa0880000, 0xa0e18b88, 0xa0ee0000)
  from space 768K,  88% used [0xa0ee0000, 0xa0f8a7a8, 0xa0fa0000)
  to   space 768K,   0% used [0xa0fa0000, 0xa0fa0000, 0xa1060000)
 tenured generation   total 16016K, used 10312K [0xa5dd0000, 0xa6d74000, 0xb0880000)
   the space 16016K,  64% used [0xa5dd0000, 0xa67e2218, 0xa67e2400, 0xa6d74000)
 compacting perm gen  total 12288K, used 4745K [0xb0880000, 0xb1480000, 0xb4880000)
   the space 12288K,  38% used [0xb0880000, 0xb0d227b0, 0xb0d22800, 0xb1480000)
GC Heap History (10 events):
Event: 2,478 GC heap before
{Heap before GC invocations=21 (full 0):
 def new generation   total 4928K, used 4796K [0xa0880000, 0xa0dd0000, 0xa5dd0000)
  eden space 4416K, 100% used [0xa0880000, 0xa0cd0000, 0xa0cd0000)
  from space 512K,  74% used [0xa0d50000, 0xa0daf200, 0xa0dd0000)
  to   space 512K,   0% used [0xa0cd0000, 0xa0cd0000, 0xa0d50000)
 tenured generation   total 10944K, used 10725K [0xa5dd0000, 0xa6880000, 0xb0880000)
   the space 10944K,  98% used [0xa5dd0000, 0xa6849768, 0xa6849800, 0xa6880000)
 compacting perm gen  total 12288K, used 4628K [0xb0880000, 0xb1480000, 0xb4880000)
   the space 12288K,  37% used [0xb0880000, 0xb0d051b8, 0xb0d05200, 0xb1480000)
No shared spaces configured.
Event: 2,558 GC heap after
Heap after GC invocations=22 (full 1):
 def new generation   total 7296K, used 0K [0xa0880000, 0xa1060000, 0xa5dd0000)
  eden space 6528K,   0% used [0xa0880000, 0xa0880000, 0xa0ee0000)
  from space 768K,   0% used [0xa0ee0000, 0xa0ee0000, 0xa0fa0000)
  to   space 768K,   0% used [0xa0fa0000, 0xa0fa0000, 0xa1060000)
 tenured generation   total 16016K, used 9609K [0xa5dd0000, 0xa6d74000, 0xb0880000)
   the space 16016K,  59% used [0xa5dd0000, 0xa6732408, 0xa6732600, 0xa6d74000)
 compacting perm gen  total 12288K, used 4628K [0xb0880000, 0xb1480000, 0xb4880000)
   the space 12288K,  37% used [0xb0880000, 0xb0d051b8, 0xb0d05200, 0xb1480000)
No shared spaces configured.
}
Event: 2,649 GC heap before
{Heap before GC invocations=22 (full 1):
 def new generation   total 7296K, used 6528K [0xa0880000, 0xa1060000, 0xa5dd0000)
  eden space 6528K, 100% used [0xa0880000, 0xa0ee0000, 0xa0ee0000)
  from space 768K,   0% used [0xa0ee0000, 0xa0ee0000, 0xa0fa0000)
  to   space 768K,   0% used [0xa0fa0000, 0xa0fa0000, 0xa1060000)
 tenured generation   total 16016K, used 9609K [0xa5dd0000, 0xa6d74000, 0xb0880000)
   the space 16016K,  59% used [0xa5dd0000, 0xa6732408, 0xa6732600, 0xa6d74000)
 compacting perm gen  total 12288K, used 4640K [0xb0880000, 0xb1480000, 0xb4880000)
   the space 12288K,  37% used [0xb0880000, 0xb0d08188, 0xb0d08200, 0xb1480000)
No shared spaces configured.
Event: 2,654 GC heap after
Heap after GC invocations=23 (full 1):
 def new generation   total 7296K, used 671K [0xa0880000, 0xa1060000, 0xa5dd0000)
  eden space 6528K,   0% used [0xa0880000, 0xa0880000, 0xa0ee0000)
  from space 768K,  87% used [0xa0fa0000, 0xa1047f78, 0xa1060000)
  to   space 768K,   0% used [0xa0ee0000, 0xa0ee0000, 0xa0fa0000)
 tenured generation   total 16016K, used 9609K [0xa5dd0000, 0xa6d74000, 0xb0880000)
   the space 16016K,  59% used [0xa5dd0000, 0xa6732408, 0xa6732600, 0xa6d74000)
 compacting perm gen  total 12288K, used 4640K [0xb0880000, 0xb1480000, 0xb4880000)
   the space 12288K,  37% used [0xb0880000, 0xb0d08188, 0xb0d08200, 0xb1480000)
No shared spaces configured.
}
Event: 2,712 GC heap before
{Heap before GC invocations=23 (full 1):
 def new generation   total 7296K, used 7199K [0xa0880000, 0xa1060000, 0xa5dd0000)
  eden space 6528K, 100% used [0xa0880000, 0xa0ee0000, 0xa0ee0000)
  from space 768K,  87% used [0xa0fa0000, 0xa1047f78, 0xa1060000)
  to   space 768K,   0% used [0xa0ee0000, 0xa0ee0000, 0xa0fa0000)
 tenured generation   total 16016K, used 9609K [0xa5dd0000, 0xa6d74000, 0xb0880000)
   the space 16016K,  59% used [0xa5dd0000, 0xa6732408, 0xa6732600, 0xa6d74000)
 compacting perm gen  total 12288K, used 4640K [0xb0880000, 0xb1480000, 0xb4880000)
   the space 12288K,  37% used [0xb0880000, 0xb0d08188, 0xb0d08200, 0xb1480000)
No shared spaces configured.
Event: 2,716 GC heap after
Heap after GC invocations=24 (full 1):
 def new generation   total 7296K, used 352K [0xa0880000, 0xa1060000, 0xa5dd0000)
  eden space 6528K,   0% used [0xa0880000, 0xa0880000, 0xa0ee0000)
  from space 768K,  45% used [0xa0ee0000, 0xa0f382d0, 0xa0fa0000)
  to   space 768K,   0% used [0xa0fa0000, 0xa0fa0000, 0xa1060000)
 tenured generation   total 16016K, used 10165K [0xa5dd0000, 0xa6d74000, 0xb0880000)
   the space 16016K,  63% used [0xa5dd0000, 0xa67bd538, 0xa67bd600, 0xa6d74000)
 compacting perm gen  total 12288K, used 4640K [0xb0880000, 0xb1480000, 0xb4880000)
   the space 12288K,  37% used [0xb0880000, 0xb0d08188, 0xb0d08200, 0xb1480000)
No shared spaces configured.
}
Event: 2,805 GC heap before
{Heap before GC invocations=24 (full 1):
 def new generation   total 7296K, used 6865K [0xa0880000, 0xa1060000, 0xa5dd0000)
  eden space 6528K,  99% used [0xa0880000, 0xa0edc1e8, 0xa0ee0000)
  from space 768K,  45% used [0xa0ee0000, 0xa0f382d0, 0xa0fa0000)
  to   space 768K,   0% used [0xa0fa0000, 0xa0fa0000, 0xa1060000)
 tenured generation   total 16016K, used 10165K [0xa5dd0000, 0xa6d74000, 0xb0880000)
   the space 16016K,  63% used [0xa5dd0000, 0xa67bd538, 0xa67bd600, 0xa6d74000)
 compacting perm gen  total 12288K, used 4745K [0xb0880000, 0xb1480000, 0xb4880000)
   the space 12288K,  38% used [0xb0880000, 0xb0d227b0, 0xb0d22800, 0xb1480000)
No shared spaces configured.
Event: 2,808 GC heap after
Heap after GC invocations=25 (full 1):
 def new generation   total 7296K, used 520K [0xa0880000, 0xa1060000, 0xa5dd0000)
  eden space 6528K,   0% used [0xa0880000, 0xa0880000, 0xa0ee0000)
  from space 768K,  67% used [0xa0fa0000, 0xa1022148, 0xa1060000)
  to   space 768K,   0% used [0xa0ee0000, 0xa0ee0000, 0xa0fa0000)
 tenured generation   total 16016K, used 10165K [0xa5dd0000, 0xa6d74000, 0xb0880000)
   the space 16016K,  63% used [0xa5dd0000, 0xa67bd538, 0xa67bd600, 0xa6d74000)
 compacting perm gen  total 12288K, used 4745K [0xb0880000, 0xb1480000, 0xb4880000)
   the space 12288K,  38% used [0xb0880000, 0xb0d227b0, 0xb0d22800, 0xb1480000)
No shared spaces configured.
}
Event: 2,888 GC heap before
{Heap before GC invocations=25 (full 1):
 def new generation   total 7296K, used 7044K [0xa0880000, 0xa1060000, 0xa5dd0000)
  eden space 6528K,  99% used [0xa0880000, 0xa0edf098, 0xa0ee0000)
  from space 768K,  67% used [0xa0fa0000, 0xa1022148, 0xa1060000)
  to   space 768K,   0% used [0xa0ee0000, 0xa0ee0000, 0xa0fa0000)
 tenured generation   total 16016K, used 10165K [0xa5dd0000, 0xa6d74000, 0xb0880000)
   the space 16016K,  63% used [0xa5dd0000, 0xa67bd538, 0xa67bd600, 0xa6d74000)
 compacting perm gen  total 12288K, used 4745K [0xb0880000, 0xb1480000, 0xb4880000)
   the space 12288K,  38% used [0xb0880000, 0xb0d227b0, 0xb0d22800, 0xb1480000)
No shared spaces configured.
Event: 2,893 GC heap after
Heap after GC invocations=26 (full 1):
 def new generation   total 7296K, used 681K [0xa0880000, 0xa1060000, 0xa5dd0000)
  eden space 6528K,   0% used [0xa0880000, 0xa0880000, 0xa0ee0000)
  from space 768K,  88% used [0xa0ee0000, 0xa0f8a7a8, 0xa0fa0000)
  to   space 768K,   0% used [0xa0fa0000, 0xa0fa0000, 0xa1060000)
 tenured generation   total 16016K, used 10312K [0xa5dd0000, 0xa6d74000, 0xb0880000)
   the space 16016K,  64% used [0xa5dd0000, 0xa67e2218, 0xa67e2400, 0xa6d74000)
 compacting perm gen  total 12288K, used 4745K [0xb0880000, 0xb1480000, 0xb4880000)
   the space 12288K,  38% used [0xb0880000, 0xb0d227b0, 0xb0d22800, 0xb1480000)
No shared spaces configured.
}

