# JRE version: Java(TM) SE Runtime Environment (7.0_40-b43) (build 1.7.0_40-b43)
# Java VM: Java HotSpot(TM) Client VM (24.0-b56 mixed mode linux-x86 )
Heap
 def new generation   total 4928K, used 1056K [0xa0950000, 0xa0ea0000, 0xa5ea0000)
  eden space 4416K,  12% used [0xa0950000, 0xa09d81a0, 0xa0da0000)
  from space 512K, 100% used [0xa0e20000, 0xa0ea0000, 0xa0ea0000)
  to   space 512K,   0% used [0xa0da0000, 0xa0da0000, 0xa0e20000)
 tenured generation   total 10944K, used 1623K [0xa5ea0000, 0xa6950000, 0xb0950000)
   the space 10944K,  14% used [0xa5ea0000, 0xa6035f98, 0xa6036000, 0xa6950000)
 compacting perm gen  total 12288K, used 3667K [0xb0950000, 0xb1550000, 0xb4950000)
   the space 12288K,  29% used [0xb0950000, 0xb0ce4ce8, 0xb0ce4e00, 0xb1550000)
GC Heap History (10 events):
Event: 0,407 GC heap before
{Heap before GC invocations=0 (full 0):
 def new generation   total 4928K, used 4416K [0xa0950000, 0xa0ea0000, 0xa5ea0000)
  eden space 4416K, 100% used [0xa0950000, 0xa0da0000, 0xa0da0000)
  from space 512K,   0% used [0xa0da0000, 0xa0da0000, 0xa0e20000)
  to   space 512K,   0% used [0xa0e20000, 0xa0e20000, 0xa0ea0000)
 tenured generation   total 10944K, used 0K [0xa5ea0000, 0xa6950000, 0xb0950000)
   the space 10944K,   0% used [0xa5ea0000, 0xa5ea0000, 0xa5ea0200, 0xa6950000)
 compacting perm gen  total 12288K, used 2146K [0xb0950000, 0xb1550000, 0xb4950000)
   the space 12288K,  17% used [0xb0950000, 0xb0b68ad0, 0xb0b68c00, 0xb1550000)
No shared spaces configured.
Event: 0,417 GC heap after
Heap after GC invocations=1 (full 0):
 def new generation   total 4928K, used 512K [0xa0950000, 0xa0ea0000, 0xa5ea0000)
  eden space 4416K,   0% used [0xa0950000, 0xa0950000, 0xa0da0000)
  from space 512K, 100% used [0xa0e20000, 0xa0ea0000, 0xa0ea0000)
  to   space 512K,   0% used [0xa0da0000, 0xa0da0000, 0xa0e20000)
 tenured generation   total 10944K, used 537K [0xa5ea0000, 0xa6950000, 0xb0950000)
   the space 10944K,   4% used [0xa5ea0000, 0xa5f26788, 0xa5f26800, 0xa6950000)
 compacting perm gen  total 12288K, used 2146K [0xb0950000, 0xb1550000, 0xb4950000)
   the space 12288K,  17% used [0xb0950000, 0xb0b68ad0, 0xb0b68c00, 0xb1550000)
No shared spaces configured.
}
Event: 0,523 GC heap before
{Heap before GC invocations=1 (full 0):
 def new generation   total 4928K, used 4928K [0xa0950000, 0xa0ea0000, 0xa5ea0000)
  eden space 4416K, 100% used [0xa0950000, 0xa0da0000, 0xa0da0000)
  from space 512K, 100% used [0xa0e20000, 0xa0ea0000, 0xa0ea0000)
  to   space 512K,   0% used [0xa0da0000, 0xa0da0000, 0xa0e20000)
 tenured generation   total 10944K, used 537K [0xa5ea0000, 0xa6950000, 0xb0950000)
   the space 10944K,   4% used [0xa5ea0000, 0xa5f26788, 0xa5f26800, 0xa6950000)
 compacting perm gen  total 12288K, used 2422K [0xb0950000, 0xb1550000, 0xb4950000)
   the space 12288K,  19% used [0xb0950000, 0xb0badba0, 0xb0badc00, 0xb1550000)
No shared spaces configured.
Event: 0,531 GC heap after
Heap after GC invocations=2 (full 0):
 def new generation   total 4928K, used 448K [0xa0950000, 0xa0ea0000, 0xa5ea0000)
  eden space 4416K,   0% used [0xa0950000, 0xa0950000, 0xa0da0000)
  from space 512K,  87% used [0xa0da0000, 0xa0e10050, 0xa0e20000)
  to   space 512K,   0% used [0xa0e20000, 0xa0e20000, 0xa0ea0000)
 tenured generation   total 10944K, used 1046K [0xa5ea0000, 0xa6950000, 0xb0950000)
   the space 10944K,   9% used [0xa5ea0000, 0xa5fa5858, 0xa5fa5a00, 0xa6950000)
 compacting perm gen  total 12288K, used 2422K [0xb0950000, 0xb1550000, 0xb4950000)
   the space 12288K,  19% used [0xb0950000, 0xb0badba0, 0xb0badc00, 0xb1550000)
No shared spaces configured.
}
Event: 0,684 GC heap before
{Heap before GC invocations=2 (full 0):
 def new generation   total 4928K, used 4864K [0xa0950000, 0xa0ea0000, 0xa5ea0000)
  eden space 4416K, 100% used [0xa0950000, 0xa0da0000, 0xa0da0000)
  from space 512K,  87% used [0xa0da0000, 0xa0e10050, 0xa0e20000)
  to   space 512K,   0% used [0xa0e20000, 0xa0e20000, 0xa0ea0000)
 tenured generation   total 10944K, used 1046K [0xa5ea0000, 0xa6950000, 0xb0950000)
   the space 10944K,   9% used [0xa5ea0000, 0xa5fa5858, 0xa5fa5a00, 0xa6950000)
 compacting perm gen  total 12288K, used 2879K [0xb0950000, 0xb1550000, 0xb4950000)
   the space 12288K,  23% used [0xb0950000, 0xb0c1ff10, 0xb0c20000, 0xb1550000)
No shared spaces configured.
Event: 0,691 GC heap after
Heap after GC invocations=3 (full 0):
 def new generation   total 4928K, used 512K [0xa0950000, 0xa0ea0000, 0xa5ea0000)
  eden space 4416K,   0% used [0xa0950000, 0xa0950000, 0xa0da0000)
  from space 512K, 100% used [0xa0e20000, 0xa0ea0000, 0xa0ea0000)
  to   space 512K,   0% used [0xa0da0000, 0xa0da0000, 0xa0e20000)
 tenured generation   total 10944K, used 1178K [0xa5ea0000, 0xa6950000, 0xb0950000)
   the space 10944K,  10% used [0xa5ea0000, 0xa5fc6968, 0xa5fc6a00, 0xa6950000)
 compacting perm gen  total 12288K, used 2879K [0xb0950000, 0xb1550000, 0xb4950000)
   the space 12288K,  23% used [0xb0950000, 0xb0c1ff10, 0xb0c20000, 0xb1550000)
No shared spaces configured.
}
Event: 0,806 GC heap before
{Heap before GC invocations=3 (full 0):
 def new generation   total 4928K, used 4928K [0xa0950000, 0xa0ea0000, 0xa5ea0000)
  eden space 4416K, 100% used [0xa0950000, 0xa0da0000, 0xa0da0000)
  from space 512K, 100% used [0xa0e20000, 0xa0ea0000, 0xa0ea0000)
  to   space 512K,   0% used [0xa0da0000, 0xa0da0000, 0xa0e20000)
 tenured generation   total 10944K, used 1178K [0xa5ea0000, 0xa6950000, 0xb0950000)
   the space 10944K,  10% used [0xa5ea0000, 0xa5fc6968, 0xa5fc6a00, 0xa6950000)
 compacting perm gen  total 12288K, used 3251K [0xb0950000, 0xb1550000, 0xb4950000)
   the space 12288K,  26% used [0xb0950000, 0xb0c7cfc8, 0xb0c7d000, 0xb1550000)
No shared spaces configured.
Event: 0,810 GC heap after
Heap after GC invocations=4 (full 0):
 def new generation   total 4928K, used 512K [0xa0950000, 0xa0ea0000, 0xa5ea0000)
  eden space 4416K,   0% used [0xa0950000, 0xa0950000, 0xa0da0000)
  from space 512K, 100% used [0xa0da0000, 0xa0e20000, 0xa0e20000)
  to   space 512K,   0% used [0xa0e20000, 0xa0e20000, 0xa0ea0000)
 tenured generation   total 10944K, used 1331K [0xa5ea0000, 0xa6950000, 0xb0950000)
   the space 10944K,  12% used [0xa5ea0000, 0xa5fece70, 0xa5fed000, 0xa6950000)
 compacting perm gen  total 12288K, used 3251K [0xb0950000, 0xb1550000, 0xb4950000)
   the space 12288K,  26% used [0xb0950000, 0xb0c7cfc8, 0xb0c7d000, 0xb1550000)
No shared spaces configured.
}
Event: 1,023 GC heap before
{Heap before GC invocations=4 (full 0):
 def new generation   total 4928K, used 4928K [0xa0950000, 0xa0ea0000, 0xa5ea0000)
  eden space 4416K, 100% used [0xa0950000, 0xa0da0000, 0xa0da0000)
  from space 512K, 100% used [0xa0da0000, 0xa0e20000, 0xa0e20000)
  to   space 512K,   0% used [0xa0e20000, 0xa0e20000, 0xa0ea0000)
 tenured generation   total 10944K, used 1331K [0xa5ea0000, 0xa6950000, 0xb0950000)
   the space 10944K,  12% used [0xa5ea0000, 0xa5fece70, 0xa5fed000, 0xa6950000)
 compacting perm gen  total 12288K, used 3641K [0xb0950000, 0xb1550000, 0xb4950000)
   the space 12288K,  29% used [0xb0950000, 0xb0cde4a0, 0xb0cde600, 0xb1550000)
No shared spaces configured.
Event: 1,029 GC heap after
Heap after GC invocations=5 (full 0):
 def new generation   total 4928K, used 512K [0xa0950000, 0xa0ea0000, 0xa5ea0000)
  eden space 4416K,   0% used [0xa0950000, 0xa0950000, 0xa0da0000)
  from space 512K, 100% used [0xa0e20000, 0xa0ea0000, 0xa0ea0000)
  to   space 512K,   0% used [0xa0da0000, 0xa0da0000, 0xa0e20000)
 tenured generation   total 10944K, used 1623K [0xa5ea0000, 0xa6950000, 0xb0950000)
   the space 10944K,  14% used [0xa5ea0000, 0xa6035f98, 0xa6036000, 0xa6950000)
 compacting perm gen  total 12288K, used 3641K [0xb0950000, 0xb1550000, 0xb4950000)
   the space 12288K,  29% used [0xb0950000, 0xb0cde4a0, 0xb0cde600, 0xb1550000)
No shared spaces configured.
}

