# JRE version: Java(TM) SE Runtime Environment (7.0_40-b43) (build 1.7.0_40-b43)
# Java VM: Java HotSpot(TM) Client VM (24.0-b56 mixed mode linux-x86 )
Heap
 def new generation   total 4928K, used 1610K [0xa0880000, 0xa0dd0000, 0xa5dd0000)
  eden space 4416K,  26% used [0xa0880000, 0xa09a2b58, 0xa0cd0000)
  from space 512K,  87% used [0xa0cd0000, 0xa0d40050, 0xa0d50000)
  to   space 512K,   0% used [0xa0d50000, 0xa0d50000, 0xa0dd0000)
 tenured generation   total 10944K, used 1046K [0xa5dd0000, 0xa6880000, 0xb0880000)
   the space 10944K,   9% used [0xa5dd0000, 0xa5ed58c8, 0xa5ed5a00, 0xa6880000)
 compacting perm gen  total 12288K, used 2500K [0xb0880000, 0xb1480000, 0xb4880000)
   the space 12288K,  20% used [0xb0880000, 0xb0af10c8, 0xb0af1200, 0xb1480000)
GC Heap History (4 events):
Event: 0,323 GC heap before
{Heap before GC invocations=0 (full 0):
 def new generation   total 4928K, used 4416K [0xa0880000, 0xa0dd0000, 0xa5dd0000)
  eden space 4416K, 100% used [0xa0880000, 0xa0cd0000, 0xa0cd0000)
  from space 512K,   0% used [0xa0cd0000, 0xa0cd0000, 0xa0d50000)
  to   space 512K,   0% used [0xa0d50000, 0xa0d50000, 0xa0dd0000)
 tenured generation   total 10944K, used 0K [0xa5dd0000, 0xa6880000, 0xb0880000)
   the space 10944K,   0% used [0xa5dd0000, 0xa5dd0000, 0xa5dd0200, 0xa6880000)
 compacting perm gen  total 12288K, used 2146K [0xb0880000, 0xb1480000, 0xb4880000)
   the space 12288K,  17% used [0xb0880000, 0xb0a98ab8, 0xb0a98c00, 0xb1480000)
No shared spaces configured.
Event: 0,330 GC heap after
Heap after GC invocations=1 (full 0):
 def new generation   total 4928K, used 512K [0xa0880000, 0xa0dd0000, 0xa5dd0000)
  eden space 4416K,   0% used [0xa0880000, 0xa0880000, 0xa0cd0000)
  from space 512K, 100% used [0xa0d50000, 0xa0dd0000, 0xa0dd0000)
  to   space 512K,   0% used [0xa0cd0000, 0xa0cd0000, 0xa0d50000)
 tenured generation   total 10944K, used 537K [0xa5dd0000, 0xa6880000, 0xb0880000)
   the space 10944K,   4% used [0xa5dd0000, 0xa5e567f8, 0xa5e56800, 0xa6880000)
 compacting perm gen  total 12288K, used 2146K [0xb0880000, 0xb1480000, 0xb4880000)
   the space 12288K,  17% used [0xb0880000, 0xb0a98ab8, 0xb0a98c00, 0xb1480000)
No shared spaces configured.
}
Event: 0,430 GC heap before
{Heap before GC invocations=1 (full 0):
 def new generation   total 4928K, used 4928K [0xa0880000, 0xa0dd0000, 0xa5dd0000)
  eden space 4416K, 100% used [0xa0880000, 0xa0cd0000, 0xa0cd0000)
  from space 512K, 100% used [0xa0d50000, 0xa0dd0000, 0xa0dd0000)
  to   space 512K,   0% used [0xa0cd0000, 0xa0cd0000, 0xa0d50000)
 tenured generation   total 10944K, used 537K [0xa5dd0000, 0xa6880000, 0xb0880000)
   the space 10944K,   4% used [0xa5dd0000, 0xa5e567f8, 0xa5e56800, 0xa6880000)
 compacting perm gen  total 12288K, used 2422K [0xb0880000, 0xb1480000, 0xb4880000)
   the space 12288K,  19% used [0xb0880000, 0xb0addb88, 0xb0addc00, 0xb1480000)
No shared spaces configured.
Event: 0,438 GC heap after
Heap after GC invocations=2 (full 0):
 def new generation   total 4928K, used 448K [0xa0880000, 0xa0dd0000, 0xa5dd0000)
  eden space 4416K,   0% used [0xa0880000, 0xa0880000, 0xa0cd0000)
  from space 512K,  87% used [0xa0cd0000, 0xa0d40050, 0xa0d50000)
  to   space 512K,   0% used [0xa0d50000, 0xa0d50000, 0xa0dd0000)
 tenured generation   total 10944K, used 1046K [0xa5dd0000, 0xa6880000, 0xb0880000)
   the space 10944K,   9% used [0xa5dd0000, 0xa5ed58c8, 0xa5ed5a00, 0xa6880000)
 compacting perm gen  total 12288K, used 2422K [0xb0880000, 0xb1480000, 0xb4880000)
   the space 12288K,  19% used [0xb0880000, 0xb0addb88, 0xb0addc00, 0xb1480000)
No shared spaces configured.
}

